{"/home/william/development-typescript/presentation-domain-driven-design/src/core/aggregate-root.ts": {"path":"/home/william/development-typescript/presentation-domain-driven-design/src/core/aggregate-root.ts","all":false,"statementMap":{"0":{"start":{"line":1,"column":0},"end":{"line":1,"column":45}},"1":{"start":{"line":2,"column":0},"end":{"line":2,"column":0}},"2":{"start":{"line":3,"column":0},"end":{"line":3,"column":40}},"3":{"start":{"line":4,"column":0},"end":{"line":4,"column":33}},"4":{"start":{"line":5,"column":0},"end":{"line":5,"column":44}},"5":{"start":{"line":6,"column":0},"end":{"line":6,"column":0}},"6":{"start":{"line":7,"column":0},"end":{"line":7,"column":27}},"7":{"start":{"line":8,"column":0},"end":{"line":8,"column":18}},"8":{"start":{"line":9,"column":0},"end":{"line":9,"column":3}},"9":{"start":{"line":10,"column":0},"end":{"line":10,"column":0}},"10":{"start":{"line":11,"column":0},"end":{"line":11,"column":27}},"11":{"start":{"line":12,"column":0},"end":{"line":12,"column":20}},"12":{"start":{"line":13,"column":0},"end":{"line":13,"column":3}},"13":{"start":{"line":14,"column":0},"end":{"line":14,"column":0}},"14":{"start":{"line":15,"column":0},"end":{"line":15,"column":44}},"15":{"start":{"line":16,"column":0},"end":{"line":16,"column":30}},"16":{"start":{"line":17,"column":0},"end":{"line":17,"column":3}},"17":{"start":{"line":18,"column":0},"end":{"line":18,"column":0}},"18":{"start":{"line":19,"column":0},"end":{"line":19,"column":54}},"19":{"start":{"line":20,"column":0},"end":{"line":20,"column":35}},"20":{"start":{"line":21,"column":0},"end":{"line":21,"column":3}},"21":{"start":{"line":22,"column":0},"end":{"line":22,"column":0}},"22":{"start":{"line":23,"column":0},"end":{"line":23,"column":30}},"23":{"start":{"line":24,"column":0},"end":{"line":24,"column":28}},"24":{"start":{"line":25,"column":0},"end":{"line":25,"column":3}},"25":{"start":{"line":26,"column":0},"end":{"line":26,"column":1}}},"s":{"0":1,"1":1,"2":1,"3":1,"4":1,"5":1,"6":1,"7":3,"8":3,"9":1,"10":1,"11":1,"12":1,"13":1,"14":1,"15":4,"16":4,"17":1,"18":1,"19":2,"20":2,"21":1,"22":1,"23":1,"24":1,"25":1},"branchMap":{"0":{"type":"branch","line":11,"loc":{"start":{"line":11,"column":2},"end":{"line":13,"column":3}},"locations":[{"start":{"line":11,"column":2},"end":{"line":13,"column":3}}]},"1":{"type":"branch","line":15,"loc":{"start":{"line":15,"column":2},"end":{"line":17,"column":3}},"locations":[{"start":{"line":15,"column":2},"end":{"line":17,"column":3}}]},"2":{"type":"branch","line":19,"loc":{"start":{"line":19,"column":12},"end":{"line":21,"column":3}},"locations":[{"start":{"line":19,"column":12},"end":{"line":21,"column":3}}]},"3":{"type":"branch","line":23,"loc":{"start":{"line":23,"column":9},"end":{"line":25,"column":3}},"locations":[{"start":{"line":23,"column":9},"end":{"line":25,"column":3}}]},"4":{"type":"branch","line":7,"loc":{"start":{"line":7,"column":2},"end":{"line":9,"column":3}},"locations":[{"start":{"line":7,"column":2},"end":{"line":9,"column":3}}]}},"b":{"0":[1],"1":[4],"2":[2],"3":[1],"4":[3]},"fnMap":{"0":{"name":"get id","decl":{"start":{"line":11,"column":2},"end":{"line":13,"column":3}},"loc":{"start":{"line":11,"column":2},"end":{"line":13,"column":3}},"line":11},"1":{"name":"get domainEvents","decl":{"start":{"line":15,"column":2},"end":{"line":17,"column":3}},"loc":{"start":{"line":15,"column":2},"end":{"line":17,"column":3}},"line":15},"2":{"name":"addDomainEvent","decl":{"start":{"line":19,"column":12},"end":{"line":21,"column":3}},"loc":{"start":{"line":19,"column":12},"end":{"line":21,"column":3}},"line":19},"3":{"name":"clearEvents","decl":{"start":{"line":23,"column":9},"end":{"line":25,"column":3}},"loc":{"start":{"line":23,"column":9},"end":{"line":25,"column":3}},"line":23},"4":{"name":"AggregateRoot","decl":{"start":{"line":7,"column":2},"end":{"line":9,"column":3}},"loc":{"start":{"line":7,"column":2},"end":{"line":9,"column":3}},"line":7}},"f":{"0":1,"1":4,"2":2,"3":1,"4":3}}
,"/home/william/development-typescript/presentation-domain-driven-design/src/core/domain-guard.ts": {"path":"/home/william/development-typescript/presentation-domain-driven-design/src/core/domain-guard.ts","all":false,"statementMap":{"0":{"start":{"line":1,"column":0},"end":{"line":1,"column":34}},"1":{"start":{"line":2,"column":0},"end":{"line":2,"column":0}},"2":{"start":{"line":3,"column":0},"end":{"line":3,"column":26}},"3":{"start":{"line":4,"column":0},"end":{"line":4,"column":63}},"4":{"start":{"line":5,"column":0},"end":{"line":5,"column":24}},"5":{"start":{"line":6,"column":0},"end":{"line":6,"column":19}},"6":{"start":{"line":7,"column":0},"end":{"line":7,"column":52}},"7":{"start":{"line":8,"column":0},"end":{"line":8,"column":3}},"8":{"start":{"line":9,"column":0},"end":{"line":9,"column":0}},"9":{"start":{"line":10,"column":0},"end":{"line":10,"column":77}},"10":{"start":{"line":11,"column":0},"end":{"line":11,"column":30}},"11":{"start":{"line":12,"column":0},"end":{"line":12,"column":19}},"12":{"start":{"line":13,"column":0},"end":{"line":13,"column":67}},"13":{"start":{"line":14,"column":0},"end":{"line":14,"column":3}},"14":{"start":{"line":15,"column":0},"end":{"line":15,"column":0}},"15":{"start":{"line":16,"column":0},"end":{"line":16,"column":77}},"16":{"start":{"line":17,"column":0},"end":{"line":17,"column":30}},"17":{"start":{"line":18,"column":0},"end":{"line":18,"column":19}},"18":{"start":{"line":19,"column":0},"end":{"line":19,"column":66}},"19":{"start":{"line":20,"column":0},"end":{"line":20,"column":3}},"20":{"start":{"line":21,"column":0},"end":{"line":21,"column":0}},"21":{"start":{"line":22,"column":0},"end":{"line":22,"column":19}},"22":{"start":{"line":23,"column":0},"end":{"line":23,"column":18}},"23":{"start":{"line":24,"column":0},"end":{"line":24,"column":16}},"24":{"start":{"line":25,"column":0},"end":{"line":25,"column":16}},"25":{"start":{"line":26,"column":0},"end":{"line":26,"column":17}},"26":{"start":{"line":27,"column":0},"end":{"line":27,"column":19}},"27":{"start":{"line":28,"column":0},"end":{"line":28,"column":39}},"28":{"start":{"line":29,"column":0},"end":{"line":29,"column":19}},"29":{"start":{"line":30,"column":0},"end":{"line":30,"column":66}},"30":{"start":{"line":31,"column":0},"end":{"line":31,"column":3}},"31":{"start":{"line":32,"column":0},"end":{"line":32,"column":0}},"32":{"start":{"line":33,"column":0},"end":{"line":33,"column":56}},"33":{"start":{"line":34,"column":0},"end":{"line":34,"column":30}},"34":{"start":{"line":35,"column":0},"end":{"line":35,"column":52}},"35":{"start":{"line":36,"column":0},"end":{"line":36,"column":5}},"36":{"start":{"line":37,"column":0},"end":{"line":37,"column":23}},"37":{"start":{"line":38,"column":0},"end":{"line":38,"column":3}},"38":{"start":{"line":39,"column":0},"end":{"line":39,"column":1}}},"s":{"0":1,"1":1,"2":1,"3":1,"4":7,"5":2,"6":5,"7":7,"8":1,"9":1,"10":4,"11":3,"12":1,"13":4,"14":1,"15":1,"16":2,"17":1,"18":1,"19":2,"20":1,"21":1,"22":3,"23":3,"24":3,"25":3,"26":3,"27":3,"28":1,"29":2,"30":3,"31":1,"32":1,"33":2,"34":3,"35":3,"36":1,"37":1,"38":1},"branchMap":{"0":{"type":"branch","line":4,"loc":{"start":{"line":4,"column":9},"end":{"line":8,"column":3}},"locations":[{"start":{"line":4,"column":9},"end":{"line":8,"column":3}}]},"1":{"type":"branch","line":5,"loc":{"start":{"line":5,"column":11},"end":{"line":5,"column":18}},"locations":[{"start":{"line":5,"column":11},"end":{"line":5,"column":18}}]},"2":{"type":"branch","line":5,"loc":{"start":{"line":5,"column":11},"end":{"line":5,"column":18}},"locations":[{"start":{"line":5,"column":11},"end":{"line":5,"column":18}}]},"3":{"type":"branch","line":5,"loc":{"start":{"line":5,"column":11},"end":{"line":5,"column":24}},"locations":[{"start":{"line":5,"column":11},"end":{"line":5,"column":24}}]},"4":{"type":"branch","line":5,"loc":{"start":{"line":5,"column":22},"end":{"line":6,"column":19}},"locations":[{"start":{"line":5,"column":22},"end":{"line":6,"column":19}}]},"5":{"type":"branch","line":6,"loc":{"start":{"line":6,"column":17},"end":{"line":7,"column":52}},"locations":[{"start":{"line":6,"column":17},"end":{"line":7,"column":52}}]},"6":{"type":"branch","line":10,"loc":{"start":{"line":10,"column":9},"end":{"line":14,"column":3}},"locations":[{"start":{"line":10,"column":9},"end":{"line":14,"column":3}}]},"7":{"type":"branch","line":11,"loc":{"start":{"line":11,"column":27},"end":{"line":12,"column":19}},"locations":[{"start":{"line":11,"column":27},"end":{"line":12,"column":19}}]},"8":{"type":"branch","line":12,"loc":{"start":{"line":12,"column":17},"end":{"line":13,"column":67}},"locations":[{"start":{"line":12,"column":17},"end":{"line":13,"column":67}}]},"9":{"type":"branch","line":16,"loc":{"start":{"line":16,"column":9},"end":{"line":20,"column":3}},"locations":[{"start":{"line":16,"column":9},"end":{"line":20,"column":3}}]},"10":{"type":"branch","line":17,"loc":{"start":{"line":17,"column":27},"end":{"line":18,"column":19}},"locations":[{"start":{"line":17,"column":27},"end":{"line":18,"column":19}}]},"11":{"type":"branch","line":18,"loc":{"start":{"line":18,"column":17},"end":{"line":19,"column":66}},"locations":[{"start":{"line":18,"column":17},"end":{"line":19,"column":66}}]},"12":{"type":"branch","line":22,"loc":{"start":{"line":22,"column":9},"end":{"line":31,"column":3}},"locations":[{"start":{"line":22,"column":9},"end":{"line":31,"column":3}}]},"13":{"type":"branch","line":28,"loc":{"start":{"line":28,"column":20},"end":{"line":28,"column":39}},"locations":[{"start":{"line":28,"column":20},"end":{"line":28,"column":39}}]},"14":{"type":"branch","line":28,"loc":{"start":{"line":28,"column":36},"end":{"line":29,"column":19}},"locations":[{"start":{"line":28,"column":36},"end":{"line":29,"column":19}}]},"15":{"type":"branch","line":29,"loc":{"start":{"line":29,"column":17},"end":{"line":30,"column":66}},"locations":[{"start":{"line":29,"column":17},"end":{"line":30,"column":66}}]},"16":{"type":"branch","line":33,"loc":{"start":{"line":33,"column":9},"end":{"line":38,"column":3}},"locations":[{"start":{"line":33,"column":9},"end":{"line":38,"column":3}}]},"17":{"type":"branch","line":34,"loc":{"start":{"line":34,"column":29},"end":{"line":36,"column":5}},"locations":[{"start":{"line":34,"column":29},"end":{"line":36,"column":5}}]},"18":{"type":"branch","line":35,"loc":{"start":{"line":35,"column":23},"end":{"line":35,"column":52}},"locations":[{"start":{"line":35,"column":23},"end":{"line":35,"column":52}}]},"19":{"type":"branch","line":36,"loc":{"start":{"line":36,"column":4},"end":{"line":38,"column":3}},"locations":[{"start":{"line":36,"column":4},"end":{"line":38,"column":3}}]}},"b":{"0":[7],"1":[6],"2":[2],"3":[5],"4":[2],"5":[5],"6":[4],"7":[3],"8":[1],"9":[2],"10":[1],"11":[1],"12":[3],"13":[2],"14":[1],"15":[2],"16":[2],"17":[3],"18":[1],"19":[1]},"fnMap":{"0":{"name":"notEmpty","decl":{"start":{"line":4,"column":9},"end":{"line":8,"column":3}},"loc":{"start":{"line":4,"column":9},"end":{"line":8,"column":3}},"line":4},"1":{"name":"minLength","decl":{"start":{"line":10,"column":9},"end":{"line":14,"column":3}},"loc":{"start":{"line":10,"column":9},"end":{"line":14,"column":3}},"line":10},"2":{"name":"maxLength","decl":{"start":{"line":16,"column":9},"end":{"line":20,"column":3}},"loc":{"start":{"line":16,"column":9},"end":{"line":20,"column":3}},"line":16},"3":{"name":"isInRange","decl":{"start":{"line":22,"column":9},"end":{"line":31,"column":3}},"loc":{"start":{"line":22,"column":9},"end":{"line":31,"column":3}},"line":22},"4":{"name":"combine","decl":{"start":{"line":33,"column":9},"end":{"line":38,"column":3}},"loc":{"start":{"line":33,"column":9},"end":{"line":38,"column":3}},"line":33}},"f":{"0":7,"1":4,"2":2,"3":3,"4":2}}
,"/home/william/development-typescript/presentation-domain-driven-design/src/core/result.ts": {"path":"/home/william/development-typescript/presentation-domain-driven-design/src/core/result.ts","all":false,"statementMap":{"0":{"start":{"line":1,"column":0},"end":{"line":1,"column":24}},"1":{"start":{"line":2,"column":0},"end":{"line":2,"column":37}},"2":{"start":{"line":3,"column":0},"end":{"line":3,"column":37}},"3":{"start":{"line":4,"column":0},"end":{"line":4,"column":33}},"4":{"start":{"line":5,"column":0},"end":{"line":5,"column":30}},"5":{"start":{"line":6,"column":0},"end":{"line":6,"column":0}},"6":{"start":{"line":7,"column":0},"end":{"line":7,"column":70}},"7":{"start":{"line":8,"column":0},"end":{"line":8,"column":31}},"8":{"start":{"line":9,"column":0},"end":{"line":9,"column":32}},"9":{"start":{"line":10,"column":0},"end":{"line":10,"column":23}},"10":{"start":{"line":11,"column":0},"end":{"line":11,"column":24}},"11":{"start":{"line":12,"column":0},"end":{"line":12,"column":3}},"12":{"start":{"line":13,"column":0},"end":{"line":13,"column":0}},"13":{"start":{"line":14,"column":0},"end":{"line":14,"column":25}},"14":{"start":{"line":15,"column":0},"end":{"line":15,"column":55}},"15":{"start":{"line":16,"column":0},"end":{"line":16,"column":60}},"16":{"start":{"line":17,"column":0},"end":{"line":17,"column":5}},"17":{"start":{"line":18,"column":0},"end":{"line":18,"column":0}},"18":{"start":{"line":19,"column":0},"end":{"line":19,"column":23}},"19":{"start":{"line":20,"column":0},"end":{"line":20,"column":3}},"20":{"start":{"line":21,"column":0},"end":{"line":21,"column":0}},"21":{"start":{"line":22,"column":0},"end":{"line":22,"column":52}},"22":{"start":{"line":23,"column":0},"end":{"line":23,"column":49}},"23":{"start":{"line":24,"column":0},"end":{"line":24,"column":3}},"24":{"start":{"line":25,"column":0},"end":{"line":25,"column":0}},"25":{"start":{"line":26,"column":0},"end":{"line":26,"column":58}},"26":{"start":{"line":27,"column":0},"end":{"line":27,"column":39}},"27":{"start":{"line":28,"column":0},"end":{"line":28,"column":3}},"28":{"start":{"line":29,"column":0},"end":{"line":29,"column":1}}},"s":{"0":1,"1":1,"2":1,"3":1,"4":1,"5":1,"6":1,"7":6,"8":6,"9":6,"10":6,"11":6,"12":1,"13":1,"14":5,"15":4,"16":4,"17":1,"18":1,"19":1,"20":1,"21":1,"22":3,"23":3,"24":1,"25":1,"26":3,"27":3,"28":1},"branchMap":{"0":{"type":"branch","line":14,"loc":{"start":{"line":14,"column":2},"end":{"line":20,"column":3}},"locations":[{"start":{"line":14,"column":2},"end":{"line":20,"column":3}}]},"1":{"type":"branch","line":15,"loc":{"start":{"line":15,"column":23},"end":{"line":15,"column":54}},"locations":[{"start":{"line":15,"column":23},"end":{"line":15,"column":54}}]},"2":{"type":"branch","line":15,"loc":{"start":{"line":15,"column":54},"end":{"line":17,"column":5}},"locations":[{"start":{"line":15,"column":54},"end":{"line":17,"column":5}}]},"3":{"type":"branch","line":17,"loc":{"start":{"line":17,"column":4},"end":{"line":20,"column":3}},"locations":[{"start":{"line":17,"column":4},"end":{"line":20,"column":3}}]},"4":{"type":"branch","line":22,"loc":{"start":{"line":22,"column":16},"end":{"line":24,"column":3}},"locations":[{"start":{"line":22,"column":16},"end":{"line":24,"column":3}}]},"5":{"type":"branch","line":26,"loc":{"start":{"line":26,"column":16},"end":{"line":28,"column":3}},"locations":[{"start":{"line":26,"column":16},"end":{"line":28,"column":3}}]},"6":{"type":"branch","line":7,"loc":{"start":{"line":7,"column":2},"end":{"line":12,"column":3}},"locations":[{"start":{"line":7,"column":2},"end":{"line":12,"column":3}}]}},"b":{"0":[5],"1":[3],"2":[4],"3":[1],"4":[3],"5":[3],"6":[6]},"fnMap":{"0":{"name":"get value","decl":{"start":{"line":14,"column":2},"end":{"line":20,"column":3}},"loc":{"start":{"line":14,"column":2},"end":{"line":20,"column":3}},"line":14},"1":{"name":"ok","decl":{"start":{"line":22,"column":16},"end":{"line":24,"column":3}},"loc":{"start":{"line":22,"column":16},"end":{"line":24,"column":3}},"line":22},"2":{"name":"fail","decl":{"start":{"line":26,"column":16},"end":{"line":28,"column":3}},"loc":{"start":{"line":26,"column":16},"end":{"line":28,"column":3}},"line":26},"3":{"name":"Result","decl":{"start":{"line":7,"column":2},"end":{"line":12,"column":3}},"loc":{"start":{"line":7,"column":2},"end":{"line":12,"column":3}},"line":7}},"f":{"0":5,"1":3,"2":3,"3":6}}
,"/home/william/development-typescript/presentation-domain-driven-design/src/domain/entities/product/value-objects/product-name.ts": {"path":"/home/william/development-typescript/presentation-domain-driven-design/src/domain/entities/product/value-objects/product-name.ts","all":false,"statementMap":{"0":{"start":{"line":1,"column":0},"end":{"line":1,"column":60}},"1":{"start":{"line":2,"column":0},"end":{"line":2,"column":49}},"2":{"start":{"line":3,"column":0},"end":{"line":3,"column":0}},"3":{"start":{"line":4,"column":0},"end":{"line":4,"column":26}},"4":{"start":{"line":5,"column":0},"end":{"line":5,"column":56}},"5":{"start":{"line":6,"column":0},"end":{"line":6,"column":0}},"6":{"start":{"line":7,"column":0},"end":{"line":7,"column":59}},"7":{"start":{"line":8,"column":0},"end":{"line":8,"column":39}},"8":{"start":{"line":9,"column":0},"end":{"line":9,"column":49}},"9":{"start":{"line":10,"column":0},"end":{"line":10,"column":53}},"10":{"start":{"line":11,"column":0},"end":{"line":11,"column":54}},"11":{"start":{"line":12,"column":0},"end":{"line":12,"column":7}},"12":{"start":{"line":13,"column":0},"end":{"line":13,"column":0}},"13":{"start":{"line":14,"column":0},"end":{"line":14,"column":58}},"14":{"start":{"line":15,"column":0},"end":{"line":15,"column":0}},"15":{"start":{"line":16,"column":0},"end":{"line":16,"column":44}},"16":{"start":{"line":17,"column":0},"end":{"line":17,"column":3}},"17":{"start":{"line":18,"column":0},"end":{"line":18,"column":0}},"18":{"start":{"line":19,"column":0},"end":{"line":19,"column":29}},"19":{"start":{"line":20,"column":0},"end":{"line":20,"column":22}},"20":{"start":{"line":21,"column":0},"end":{"line":21,"column":3}},"21":{"start":{"line":22,"column":0},"end":{"line":22,"column":0}},"22":{"start":{"line":23,"column":0},"end":{"line":23,"column":61}},"23":{"start":{"line":24,"column":0},"end":{"line":24,"column":39}},"24":{"start":{"line":25,"column":0},"end":{"line":25,"column":50}},"25":{"start":{"line":26,"column":0},"end":{"line":26,"column":54}},"26":{"start":{"line":27,"column":0},"end":{"line":27,"column":55}},"27":{"start":{"line":28,"column":0},"end":{"line":28,"column":7}},"28":{"start":{"line":29,"column":0},"end":{"line":29,"column":0}},"29":{"start":{"line":30,"column":0},"end":{"line":30,"column":58}},"30":{"start":{"line":31,"column":0},"end":{"line":31,"column":0}},"31":{"start":{"line":32,"column":0},"end":{"line":32,"column":45}},"32":{"start":{"line":33,"column":0},"end":{"line":33,"column":3}},"33":{"start":{"line":34,"column":0},"end":{"line":34,"column":1}}},"s":{"0":1,"1":1,"2":1,"3":1,"4":1,"5":1,"6":1,"7":6,"8":6,"9":6,"10":6,"11":6,"12":6,"13":6,"14":3,"15":3,"16":3,"17":1,"18":1,"19":2,"20":2,"21":1,"22":1,"23":2,"24":2,"25":2,"26":2,"27":2,"28":2,"29":2,"30":1,"31":1,"32":1,"33":1},"branchMap":{"0":{"type":"branch","line":7,"loc":{"start":{"line":7,"column":16},"end":{"line":17,"column":3}},"locations":[{"start":{"line":7,"column":16},"end":{"line":17,"column":3}}]},"1":{"type":"branch","line":14,"loc":{"start":{"line":14,"column":25},"end":{"line":17,"column":3}},"locations":[{"start":{"line":14,"column":25},"end":{"line":17,"column":3}}]},"2":{"type":"branch","line":19,"loc":{"start":{"line":19,"column":9},"end":{"line":21,"column":3}},"locations":[{"start":{"line":19,"column":9},"end":{"line":21,"column":3}}]},"3":{"type":"branch","line":23,"loc":{"start":{"line":23,"column":9},"end":{"line":33,"column":3}},"locations":[{"start":{"line":23,"column":9},"end":{"line":33,"column":3}}]},"4":{"type":"branch","line":30,"loc":{"start":{"line":30,"column":25},"end":{"line":33,"column":3}},"locations":[{"start":{"line":30,"column":25},"end":{"line":33,"column":3}}]},"5":{"type":"branch","line":5,"loc":{"start":{"line":5,"column":2},"end":{"line":5,"column":56}},"locations":[{"start":{"line":5,"column":2},"end":{"line":5,"column":56}}]}},"b":{"0":[6],"1":[3],"2":[2],"3":[2],"4":[1],"5":[4]},"fnMap":{"0":{"name":"create","decl":{"start":{"line":7,"column":16},"end":{"line":17,"column":3}},"loc":{"start":{"line":7,"column":16},"end":{"line":17,"column":3}},"line":7},"1":{"name":"getValue","decl":{"start":{"line":19,"column":9},"end":{"line":21,"column":3}},"loc":{"start":{"line":19,"column":9},"end":{"line":21,"column":3}},"line":19},"2":{"name":"setProductName","decl":{"start":{"line":23,"column":9},"end":{"line":33,"column":3}},"loc":{"start":{"line":23,"column":9},"end":{"line":33,"column":3}},"line":23},"3":{"name":"ProductName","decl":{"start":{"line":5,"column":2},"end":{"line":5,"column":56}},"loc":{"start":{"line":5,"column":2},"end":{"line":5,"column":56}},"line":5}},"f":{"0":6,"1":2,"2":2,"3":4}}
,"/home/william/development-typescript/presentation-domain-driven-design/src/shared/domain/identifier/identifier.ts": {"path":"/home/william/development-typescript/presentation-domain-driven-design/src/shared/domain/identifier/identifier.ts","all":false,"statementMap":{"0":{"start":{"line":1,"column":0},"end":{"line":1,"column":28}},"1":{"start":{"line":2,"column":0},"end":{"line":2,"column":33}},"2":{"start":{"line":3,"column":0},"end":{"line":3,"column":23}},"3":{"start":{"line":4,"column":0},"end":{"line":4,"column":3}},"4":{"start":{"line":5,"column":0},"end":{"line":5,"column":0}},"5":{"start":{"line":6,"column":0},"end":{"line":6,"column":39}},"6":{"start":{"line":7,"column":0},"end":{"line":7,"column":42}},"7":{"start":{"line":8,"column":0},"end":{"line":8,"column":19}},"8":{"start":{"line":9,"column":0},"end":{"line":9,"column":5}},"9":{"start":{"line":10,"column":0},"end":{"line":10,"column":44}},"10":{"start":{"line":11,"column":0},"end":{"line":11,"column":19}},"11":{"start":{"line":12,"column":0},"end":{"line":12,"column":5}},"12":{"start":{"line":13,"column":0},"end":{"line":13,"column":0}},"13":{"start":{"line":14,"column":0},"end":{"line":14,"column":39}},"14":{"start":{"line":15,"column":0},"end":{"line":15,"column":3}},"15":{"start":{"line":16,"column":0},"end":{"line":16,"column":0}},"16":{"start":{"line":17,"column":0},"end":{"line":17,"column":14}},"17":{"start":{"line":18,"column":0},"end":{"line":18,"column":30}},"18":{"start":{"line":19,"column":0},"end":{"line":19,"column":3}},"19":{"start":{"line":20,"column":0},"end":{"line":20,"column":0}},"20":{"start":{"line":21,"column":0},"end":{"line":21,"column":16}},"21":{"start":{"line":22,"column":0},"end":{"line":22,"column":22}},"22":{"start":{"line":23,"column":0},"end":{"line":23,"column":3}},"23":{"start":{"line":24,"column":0},"end":{"line":24,"column":1}}},"s":{"0":1,"1":1,"2":13,"3":13,"4":1,"5":1,"6":7,"7":2,"8":2,"9":7,"10":1,"11":1,"12":4,"13":4,"14":4,"15":1,"16":1,"17":1,"18":1,"19":1,"20":1,"21":5,"22":5,"23":1},"branchMap":{"0":{"type":"branch","line":6,"loc":{"start":{"line":6,"column":2},"end":{"line":15,"column":3}},"locations":[{"start":{"line":6,"column":2},"end":{"line":15,"column":3}}]},"1":{"type":"branch","line":7,"loc":{"start":{"line":7,"column":15},"end":{"line":7,"column":41}},"locations":[{"start":{"line":7,"column":15},"end":{"line":7,"column":41}}]},"2":{"type":"branch","line":7,"loc":{"start":{"line":7,"column":41},"end":{"line":9,"column":5}},"locations":[{"start":{"line":7,"column":41},"end":{"line":9,"column":5}}]},"3":{"type":"branch","line":9,"loc":{"start":{"line":9,"column":4},"end":{"line":10,"column":40}},"locations":[{"start":{"line":9,"column":4},"end":{"line":10,"column":40}}]},"4":{"type":"branch","line":10,"loc":{"start":{"line":10,"column":43},"end":{"line":12,"column":5}},"locations":[{"start":{"line":10,"column":43},"end":{"line":12,"column":5}}]},"5":{"type":"branch","line":12,"loc":{"start":{"line":12,"column":4},"end":{"line":15,"column":3}},"locations":[{"start":{"line":12,"column":4},"end":{"line":15,"column":3}}]},"6":{"type":"branch","line":17,"loc":{"start":{"line":17,"column":2},"end":{"line":19,"column":3}},"locations":[{"start":{"line":17,"column":2},"end":{"line":19,"column":3}}]},"7":{"type":"branch","line":21,"loc":{"start":{"line":21,"column":2},"end":{"line":23,"column":3}},"locations":[{"start":{"line":21,"column":2},"end":{"line":23,"column":3}}]},"8":{"type":"branch","line":2,"loc":{"start":{"line":2,"column":2},"end":{"line":4,"column":3}},"locations":[{"start":{"line":2,"column":2},"end":{"line":4,"column":3}}]}},"b":{"0":[7],"1":[6],"2":[2],"3":[5],"4":[1],"5":[4],"6":[1],"7":[5],"8":[13]},"fnMap":{"0":{"name":"equals","decl":{"start":{"line":6,"column":2},"end":{"line":15,"column":3}},"loc":{"start":{"line":6,"column":2},"end":{"line":15,"column":3}},"line":6},"1":{"name":"toString","decl":{"start":{"line":17,"column":2},"end":{"line":19,"column":3}},"loc":{"start":{"line":17,"column":2},"end":{"line":19,"column":3}},"line":17},"2":{"name":"toValue","decl":{"start":{"line":21,"column":2},"end":{"line":23,"column":3}},"loc":{"start":{"line":21,"column":2},"end":{"line":23,"column":3}},"line":21},"3":{"name":"Identifier","decl":{"start":{"line":2,"column":2},"end":{"line":4,"column":3}},"loc":{"start":{"line":2,"column":2},"end":{"line":4,"column":3}},"line":2}},"f":{"0":7,"1":1,"2":5,"3":13}}
,"/home/william/development-typescript/presentation-domain-driven-design/src/shared/domain/unique-id/unique-id.ts": {"path":"/home/william/development-typescript/presentation-domain-driven-design/src/shared/domain/unique-id/unique-id.ts","all":false,"statementMap":{"0":{"start":{"line":1,"column":0},"end":{"line":1,"column":41}},"1":{"start":{"line":2,"column":0},"end":{"line":2,"column":54}},"2":{"start":{"line":3,"column":0},"end":{"line":3,"column":0}},"3":{"start":{"line":4,"column":0},"end":{"line":4,"column":59}},"4":{"start":{"line":5,"column":0},"end":{"line":5,"column":37}},"5":{"start":{"line":6,"column":0},"end":{"line":6,"column":34}},"6":{"start":{"line":7,"column":0},"end":{"line":7,"column":3}},"7":{"start":{"line":8,"column":0},"end":{"line":8,"column":1}}},"s":{"0":1,"1":1,"2":1,"3":1,"4":1,"5":9,"6":9,"7":1},"branchMap":{"0":{"type":"branch","line":5,"loc":{"start":{"line":5,"column":2},"end":{"line":7,"column":3}},"locations":[{"start":{"line":5,"column":2},"end":{"line":7,"column":3}}]},"1":{"type":"branch","line":6,"loc":{"start":{"line":6,"column":10},"end":{"line":6,"column":20}},"locations":[{"start":{"line":6,"column":10},"end":{"line":6,"column":20}}]},"2":{"type":"branch","line":6,"loc":{"start":{"line":6,"column":15},"end":{"line":6,"column":34}},"locations":[{"start":{"line":6,"column":15},"end":{"line":6,"column":34}}]}},"b":{"0":[9],"1":[8],"2":[1]},"fnMap":{"0":{"name":"UniqueId","decl":{"start":{"line":5,"column":2},"end":{"line":7,"column":3}},"loc":{"start":{"line":5,"column":2},"end":{"line":7,"column":3}},"line":5}},"f":{"0":9}}
}
