TN:
SF:src/core/aggregate-root.ts
FN:11,get id
FN:15,get domainEvents
FN:19,addDomainEvent
FN:23,clearEvents
FN:7,AggregateRoot
FNF:5
FNH:5
FNDA:1,get id
FNDA:4,get domainEvents
FNDA:2,addDomainEvent
FNDA:1,clearEvents
FNDA:3,AggregateRoot
DA:1,1
DA:2,1
DA:3,1
DA:4,1
DA:5,1
DA:6,1
DA:7,1
DA:8,3
DA:9,3
DA:10,1
DA:11,1
DA:12,1
DA:13,1
DA:14,1
DA:15,1
DA:16,4
DA:17,4
DA:18,1
DA:19,1
DA:20,2
DA:21,2
DA:22,1
DA:23,1
DA:24,1
DA:25,1
DA:26,1
LF:26
LH:26
BRDA:11,0,0,1
BRDA:15,1,0,4
BRDA:19,2,0,2
BRDA:23,3,0,1
BRDA:7,4,0,3
BRF:5
BRH:5
end_of_record
TN:
SF:src/core/domain-guard.ts
FN:4,notEmpty
FN:10,minLength
FN:16,maxLength
FN:22,isInRange
FN:33,combine
FNF:5
FNH:5
FNDA:5,notEmpty
FNDA:4,minLength
FNDA:2,maxLength
FNDA:3,isInRange
FNDA:2,combine
DA:1,1
DA:2,1
DA:3,1
DA:4,1
DA:5,5
DA:6,2
DA:7,3
DA:8,5
DA:9,1
DA:10,1
DA:11,4
DA:12,3
DA:13,1
DA:14,4
DA:15,1
DA:16,1
DA:17,2
DA:18,1
DA:19,1
DA:20,2
DA:21,1
DA:22,1
DA:23,3
DA:24,3
DA:25,3
DA:26,3
DA:27,3
DA:28,3
DA:29,1
DA:30,2
DA:31,3
DA:32,1
DA:33,1
DA:34,2
DA:35,3
DA:36,3
DA:37,1
DA:38,1
DA:39,1
LF:39
LH:39
BRDA:4,0,0,5
BRDA:5,1,0,0
BRDA:5,2,0,2
BRDA:6,3,0,3
BRDA:10,4,0,4
BRDA:11,5,0,3
BRDA:12,6,0,1
BRDA:16,7,0,2
BRDA:17,8,0,1
BRDA:18,9,0,1
BRDA:22,10,0,3
BRDA:28,11,0,2
BRDA:28,12,0,1
BRDA:29,13,0,2
BRDA:33,14,0,2
BRDA:34,15,0,3
BRDA:35,16,0,1
BRDA:36,17,0,1
BRF:18
BRH:17
end_of_record
TN:
SF:src/core/result.ts
FN:14,get value
FN:22,ok
FN:26,fail
FN:7,Result
FNF:4
FNH:4
FNDA:3,get value
FNDA:2,ok
FNDA:2,fail
FNDA:4,Result
DA:1,1
DA:2,1
DA:3,1
DA:4,1
DA:5,1
DA:6,1
DA:7,1
DA:8,4
DA:9,4
DA:10,4
DA:11,4
DA:12,4
DA:13,1
DA:14,1
DA:15,3
DA:16,2
DA:17,2
DA:18,1
DA:19,1
DA:20,1
DA:21,1
DA:22,1
DA:23,2
DA:24,2
DA:25,1
DA:26,1
DA:27,2
DA:28,2
DA:29,1
LF:29
LH:29
BRDA:14,0,0,3
BRDA:15,1,0,2
BRDA:15,2,0,2
BRDA:17,3,0,1
BRDA:22,4,0,2
BRDA:26,5,0,2
BRDA:7,6,0,4
BRF:7
BRH:7
end_of_record
TN:
SF:src/domain/entities/product/value-objects/product-name.ts
FN:7,create
FN:19,getValue
FN:23,setProductName
FN:5,ProductName
FNF:4
FNH:4
FNDA:6,create
FNDA:2,getValue
FNDA:2,setProductName
FNDA:4,ProductName
DA:1,1
DA:2,1
DA:3,1
DA:4,1
DA:5,1
DA:6,1
DA:7,1
DA:8,6
DA:9,6
DA:10,6
DA:11,6
DA:12,6
DA:13,6
DA:14,6
DA:15,3
DA:16,3
DA:17,3
DA:18,1
DA:19,1
DA:20,2
DA:21,2
DA:22,1
DA:23,1
DA:24,2
DA:25,2
DA:26,2
DA:27,2
DA:28,2
DA:29,2
DA:30,2
DA:31,1
DA:32,1
DA:33,1
DA:34,1
LF:34
LH:34
BRDA:7,0,0,6
BRDA:14,1,0,3
BRDA:19,2,0,2
BRDA:23,3,0,2
BRDA:30,4,0,1
BRDA:5,5,0,4
BRF:6
BRH:6
end_of_record
TN:
SF:src/shared/domain/identifier/identifier.ts
FN:6,equals
FN:17,toString
FN:21,toValue
FN:2,Identifier
FNF:4
FNH:4
FNDA:7,equals
FNDA:1,toString
FNDA:5,toValue
FNDA:13,Identifier
DA:1,1
DA:2,1
DA:3,13
DA:4,13
DA:5,1
DA:6,1
DA:7,7
DA:8,2
DA:9,2
DA:10,7
DA:11,1
DA:12,1
DA:13,4
DA:14,4
DA:15,4
DA:16,1
DA:17,1
DA:18,1
DA:19,1
DA:20,1
DA:21,1
DA:22,5
DA:23,5
DA:24,1
LF:24
LH:24
BRDA:6,0,0,7
BRDA:7,1,0,6
BRDA:7,2,0,2
BRDA:9,3,0,5
BRDA:10,4,0,1
BRDA:12,5,0,4
BRDA:17,6,0,1
BRDA:21,7,0,5
BRDA:2,8,0,13
BRF:9
BRH:9
end_of_record
TN:
SF:src/shared/domain/unique-id/unique-id.ts
FN:5,UniqueId
FNF:1
FNH:1
FNDA:9,UniqueId
DA:1,1
DA:2,1
DA:3,1
DA:4,1
DA:5,1
DA:6,9
DA:7,9
DA:8,1
LF:8
LH:8
BRDA:5,0,0,9
BRDA:6,1,0,8
BRDA:6,2,0,1
BRF:3
BRH:3
end_of_record
